<?xml version="1.0" encoding="UTF-8"?>
<testsuite name="com.seatmap.auth.service.PasswordServiceTest" tests="15" skipped="0" failures="0" errors="0" timestamp="2025-10-20T03:27:53" hostname="dev" time="2.477">
  <properties/>
  <testcase name="Should accept various special characters" classname="com.seatmap.auth.service.PasswordServiceTest" time="0.045"/>
  <testcase name="Should reject password without number" classname="com.seatmap.auth.service.PasswordServiceTest" time="0.003"/>
  <testcase name="Should throw exception for empty password" classname="com.seatmap.auth.service.PasswordServiceTest" time="0.003"/>
  <testcase name="Should throw exception for null password" classname="com.seatmap.auth.service.PasswordServiceTest" time="0.001"/>
  <testcase name="Should reject null password" classname="com.seatmap.auth.service.PasswordServiceTest" time="0.001"/>
  <testcase name="Should return false for null inputs in verification" classname="com.seatmap.auth.service.PasswordServiceTest" time="0.272"/>
  <testcase name="Should reject password that is too short" classname="com.seatmap.auth.service.PasswordServiceTest" time="0.001"/>
  <testcase name="Should reject password without lowercase" classname="com.seatmap.auth.service.PasswordServiceTest" time="0.001"/>
  <testcase name="Should reject password without special character" classname="com.seatmap.auth.service.PasswordServiceTest" time="0.001"/>
  <testcase name="Should verify correct password" classname="com.seatmap.auth.service.PasswordServiceTest" time="0.486"/>
  <testcase name="Should validate strong password" classname="com.seatmap.auth.service.PasswordServiceTest" time="0.001"/>
  <testcase name="Should hash password successfully" classname="com.seatmap.auth.service.PasswordServiceTest" time="0.239"/>
  <testcase name="Should reject incorrect password" classname="com.seatmap.auth.service.PasswordServiceTest" time="0.471"/>
  <testcase name="Should reject password without uppercase" classname="com.seatmap.auth.service.PasswordServiceTest" time="0.001"/>
  <testcase name="Should generate different hashes for same password" classname="com.seatmap.auth.service.PasswordServiceTest" time="0.936"/>
  <system-out><![CDATA[]]></system-out>
  <system-err><![CDATA[]]></system-err>
</testsuite>
